09-06-2022 @ 15:48:39 - 3.1.0 - No subscription webhooks found using API version 3. No updates needed.
09-06-2022 @ 15:48:39 - 3.1.6 upgrade complete from Subscriptions v0 while WooCommerce WC_VERSION 6.8.2 and database version 6.8.2 was active.
09-06-2022 @ 15:48:39 - Environment info:
09-06-2022 @ 15:48:39 -     WordPress Version : 6.0.2
09-06-2022 @ 15:48:39 - Active Plugins:
09-06-2022 @ 15:48:39 -     Akismet Anti-Spam by Automattic – 5.0
09-06-2022 @ 15:48:39 -     Avadanta Companion by avadantathemes – 1.4.3
09-06-2022 @ 15:48:39 -     Void Contact Form 7 Widget For Elementor Page Builder by voidCoders – 2.1.1
09-06-2022 @ 15:48:39 -     Contact Form 7 by Takayuki Miyoshi – 5.6.3
09-06-2022 @ 15:48:39 -     Duplicate Page by mndpsingh287 – 4.4.9
09-06-2022 @ 15:48:39 -     Elemailer Lite by elemailer – 1.3
09-06-2022 @ 15:48:39 -     Elementor by Elementor.com – 3.7.4
09-06-2022 @ 15:48:39 -     Google Listings and Ads by WooCommerce – 2.1.0
09-06-2022 @ 15:48:39 -     Jetpack by Automattic – 11.2
09-06-2022 @ 15:48:39 -     MailPoet 3 (New) by MailPoet – 3.96.1
09-06-2022 @ 15:48:39 -     Ocean Extra by OceanWP – 2.0.4
09-06-2022 @ 15:48:39 -     WooCommerce Beta Tester by WooCommerce – 2.0.5
09-06-2022 @ 15:48:39 -     WooCommerce Payments by Automattic – 4.6.0
09-06-2022 @ 15:48:39 -     WooCommerce Shipping & Tax by WooCommerce – 1.26.3
09-06-2022 @ 15:48:39 -     WooCommerce by Automattic – 6.8.2
